This is pdfTeX, Version 3.141592653-2.6-1.40.28 (MiKTeX 25.12) (preloaded format=pdflatex 2026.3.15)  4 APR 2026 23:13
entering extended mode
 restricted \write18 enabled.
 %&-line parsing enabled.
**./main.tex
(main.tex
LaTeX2e <2025-11-01>
L3 programming layer <2025-12-24>
(C:\Users\ASUS\AppData\Local\Programs\MiKTeX-v2\tex/latex/base\article.cls
Document Class: article 2025/01/22 v1.4n Standard LaTeX document class
(C:\Users\ASUS\AppData\Local\Programs\MiKTeX-v2\tex/latex/base\size10.clo
File: size10.clo 2025/01/22 v1.4n Standard LaTeX file (size option)
)
\c@part=\count275
\c@section=\count276
\c@subsection=\count277
\c@subsubsection=\count278
\c@paragraph=\count279
\c@subparagraph=\count280
\c@figure=\count281
\c@table=\count282
\abovecaptionskip=\skip49
\belowcaptionskip=\skip50
\bibindent=\dimen148
)
(cvpr.sty
Package: cvpr 2026 LaTeX class for IEEE CVPR

(C:\Users\ASUS\AppData\Local\Programs\MiKTeX-v2\tex/latex/psnfss\times.sty
Package: times 2020/03/25 PSNFSS-v9.3 (SPQR) 
)
(C:\Users\ASUS\AppData\Local\Programs\MiKTeX-v2\tex/latex/tools\xspace.sty
Package: xspace 2014/10/28 v1.13 Space after command names (DPC,MH)
)
(C:\Users\ASUS\AppData\Local\Programs\MiKTeX-v2\tex/latex/xcolor\xcolor.sty
Package: xcolor 2024/09/29 v3.02 LaTeX color extensions (UK)

(C:\Users\ASUS\AppData\Local\Programs\MiKTeX-v2\tex/latex/graphics-cfg\color.cf
g
File: color.cfg 2016/01/02 v1.6 sample color configuration
)
Package xcolor Info: Driver file: pdftex.def on input line 274.

(C:\Users\ASUS\AppData\Local\Programs\MiKTeX-v2\tex/latex/graphics-def\pdftex.d
ef
File: pdftex.def 2025/09/29 v1.2d Graphics/color driver for pdftex
)
(C:\Users\ASUS\AppData\Local\Programs\MiKTeX-v2\tex/latex/graphics\mathcolor.lt
x)
Package xcolor Info: Model `cmy' substituted by `cmy0' on input line 1349.
Package xcolor Info: Model `hsb' substituted by `rgb' on input line 1353.
Package xcolor Info: Model `RGB' extended on input line 1365.
Package xcolor Info: Model `HTML' substituted by `rgb' on input line 1367.
Package xcolor Info: Model `Hsb' substituted by `hsb' on input line 1368.
Package xcolor Info: Model `tHsb' substituted by `hsb' on input line 1369.
Package xcolor Info: Model `HSB' substituted by `hsb' on input line 1370.
Package xcolor Info: Model `Gray' substituted by `gray' on input line 1371.
Package xcolor Info: Model `wave' substituted by `hsb' on input line 1372.
)
(C:\Users\ASUS\AppData\Local\Programs\MiKTeX-v2\tex/latex/graphics\dvipsnam.def
File: dvipsnam.def 2016/06/17 v3.0m Driver-dependent file (DPC,SPQR)
)
(C:\Users\ASUS\AppData\Local\Programs\MiKTeX-v2\tex/latex/graphics\graphicx.sty
Package: graphicx 2024/12/31 v1.2e Enhanced LaTeX Graphics (DPC,SPQR)
(C:\Users\ASUS\AppData\Local\Programs\MiKTeX-v2\tex/latex/graphics\keyval.sty
Package: keyval 2022/05/29 v1.15 key=value parser (DPC)
\KV@toks@=\toks17
)
(C:\Users\ASUS\AppData\Local\Programs\MiKTeX-v2\tex/latex/graphics\graphics.sty
Package: graphics 2024/08/06 v1.4g Standard LaTeX Graphics (DPC,SPQR)
(C:\Users\ASUS\AppData\Local\Programs\MiKTeX-v2\tex/latex/graphics\trig.sty
Package: trig 2023/12/02 v1.11 sin cos tan (DPC)
)
(C:\Users\ASUS\AppData\Local\Programs\MiKTeX-v2\tex/latex/graphics-cfg\graphics
.cfg
File: graphics.cfg 2016/06/04 v1.11 sample graphics configuration
)
Package graphics Info: Driver file: pdftex.def on input line 106.
)
\Gin@req@height=\dimen149
\Gin@req@width=\dimen150
)
(C:\Users\ASUS\AppData\Local\Programs\MiKTeX-v2\tex/latex/amsmath\amsmath.sty
Package: amsmath 2025/07/09 v2.17z AMS math features
\@mathmargin=\skip51

For additional information on amsmath, use the `?' option.
(C:\Users\ASUS\AppData\Local\Programs\MiKTeX-v2\tex/latex/amsmath\amstext.sty
Package: amstext 2024/11/17 v2.01 AMS text

(C:\Users\ASUS\AppData\Local\Programs\MiKTeX-v2\tex/latex/amsmath\amsgen.sty
File: amsgen.sty 1999/11/30 v2.0 generic functions
\@emptytoks=\toks18
\ex@=\dimen151
))
(C:\Users\ASUS\AppData\Local\Programs\MiKTeX-v2\tex/latex/amsmath\amsbsy.sty
Package: amsbsy 1999/11/29 v1.2d Bold Symbols
\pmbraise@=\dimen152
)
(C:\Users\ASUS\AppData\Local\Programs\MiKTeX-v2\tex/latex/amsmath\amsopn.sty
Package: amsopn 2022/04/08 v2.04 operator names
)
\inf@bad=\count283
LaTeX Info: Redefining \frac on input line 233.
\uproot@=\count284
\leftroot@=\count285
LaTeX Info: Redefining \overline on input line 398.
LaTeX Info: Redefining \colon on input line 409.
\classnum@=\count286
\DOTSCASE@=\count287
LaTeX Info: Redefining \ldots on input line 495.
LaTeX Info: Redefining \dots on input line 498.
LaTeX Info: Redefining \cdots on input line 619.
\Mathstrutbox@=\box53
\strutbox@=\box54
LaTeX Info: Redefining \big on input line 721.
LaTeX Info: Redefining \Big on input line 722.
LaTeX Info: Redefining \bigg on input line 723.
LaTeX Info: Redefining \Bigg on input line 724.
\big@size=\dimen153
LaTeX Font Info:    Redeclaring font encoding OML on input line 742.
LaTeX Font Info:    Redeclaring font encoding OMS on input line 743.
\macc@depth=\count288
LaTeX Info: Redefining \bmod on input line 904.
LaTeX Info: Redefining \pmod on input line 909.
LaTeX Info: Redefining \smash on input line 939.
LaTeX Info: Redefining \relbar on input line 969.
LaTeX Info: Redefining \Relbar on input line 970.
\c@MaxMatrixCols=\count289
\dotsspace@=\muskip17
\c@parentequation=\count290
\dspbrk@lvl=\count291
\tag@help=\toks19
\row@=\count292
\column@=\count293
\maxfields@=\count294
\andhelp@=\toks20
\eqnshift@=\dimen154
\alignsep@=\dimen155
\tagshift@=\dimen156
\tagwidth@=\dimen157
\totwidth@=\dimen158
\lineht@=\dimen159
\@envbody=\toks21
\multlinegap=\skip52
\multlinetaggap=\skip53
\mathdisplay@stack=\toks22
LaTeX Info: Redefining \[ on input line 2950.
LaTeX Info: Redefining \] on input line 2951.
)
(C:\Users\ASUS\AppData\Local\Programs\MiKTeX-v2\tex/latex/amsfonts\amssymb.sty
Package: amssymb 2013/01/14 v3.01 AMS font symbols

(C:\Users\ASUS\AppData\Local\Programs\MiKTeX-v2\tex/latex/amsfonts\amsfonts.sty
Package: amsfonts 2013/01/14 v3.01 Basic AMSFonts support
\symAMSa=\mathgroup4
\symAMSb=\mathgroup5
LaTeX Font Info:    Redeclaring math symbol \hbar on input line 98.
LaTeX Font Info:    Overwriting math alphabet `\mathfrak' in version `bold'
(Font)                  U/euf/m/n --> U/euf/b/n on input line 106.
))
(C:\Users\ASUS\AppData\Local\Programs\MiKTeX-v2\tex/latex/booktabs\booktabs.sty
Package: booktabs 2020/01/12 v1.61803398 Publication quality tables
\heavyrulewidth=\dimen160
\lightrulewidth=\dimen161
\cmidrulewidth=\dimen162
\belowrulesep=\dimen163
\belowbottomsep=\dimen164
\aboverulesep=\dimen165
\abovetopsep=\dimen166
\cmidrulesep=\dimen167
\cmidrulekern=\dimen168
\defaultaddspace=\dimen169
\@cmidla=\count295
\@cmidlb=\count296
\@aboverulesep=\dimen170
\@belowrulesep=\dimen171
\@thisruleclass=\count297
\@lastruleclass=\count298
\@thisrulewidth=\dimen172
) (C:\Users\ASUS\AppData\Local\Programs\MiKTeX-v2\tex/latex/natbib\natbib.sty
Package: natbib 2010/09/13 8.31b (PWD, AO)
\bibhang=\skip54
\bibsep=\skip55
LaTeX Info: Redefining \cite on input line 694.
\c@NAT@ctr=\count299
)
(C:\Users\ASUS\AppData\Local\Programs\MiKTeX-v2\tex/latex/silence\silence.sty
Package: silence 2012/07/02 v1.5b Selective filtering of warnings and error mes
sages
\sl@Save=\count300
\sl@StateNumber=\count301
\sl@MessageCount=\count302
\sl@Casualties=\count303
\sl@Filter=\toks23
\sl@Message=\toks24
\sl@UnexpandedMessage=\toks25
\sl@Mess@ge=\toks26
\sl@WarningCount=\count304
\sl@WarningNumber=\count305
\sl@WarningCasualties=\count306
\sl@TempBOW=\toks27
\sl@BankOfWarnings=\toks28
LaTeX Info: Redefining \GenericWarning on input line 433.
\sl@ErrorCount=\count307
\sl@ErrorNumber=\count308
\sl@ErrorCasualties=\count309
\sl@TempBOE=\toks29
\sl@BankOfErrors=\toks30
LaTeX Info: Redefining \GenericError on input line 601.
)
(C:\Users\ASUS\AppData\Local\Programs\MiKTeX-v2\tex/latex/etoolbox\etoolbox.sty
Package: etoolbox 2025/10/02 v2.5m e-TeX tools for LaTeX (JAW)
\etb@tempcnta=\count310
) (C:\Users\ASUS\AppData\Local\Programs\MiKTeX-v2\tex/latex/caption\caption.sty
Package: caption 2023/08/05 v3.6o Customizing captions (AR)
(C:\Users\ASUS\AppData\Local\Programs\MiKTeX-v2\tex/latex/caption\caption3.sty
Package: caption3 2023/07/31 v2.4d caption3 kernel (AR)
\caption@tempdima=\dimen173
\captionmargin=\dimen174
\caption@leftmargin=\dimen175
\caption@rightmargin=\dimen176
\caption@width=\dimen177
\caption@indent=\dimen178
\caption@parindent=\dimen179
\caption@hangindent=\dimen180
Package caption Info: Standard document class detected.
)
\c@caption@flags=\count311
\c@continuedfloat=\count312
)
(C:\Users\ASUS\AppData\Local\Programs\MiKTeX-v2\tex/latex/caption\subcaption.st
y
Package: subcaption 2023/07/28 v1.6b Sub-captions (AR)
Package caption Info: New subtype `subfigure' on input line 238.
\c@subfigure=\count313
Package caption Info: New subtype `subtable' on input line 238.
\c@subtable=\count314
) (C:\Users\ASUS\AppData\Local\Programs\MiKTeX-v2\tex/latex/url\url.sty
\Urlmuskip=\muskip18
Package: url 2013/09/16  ver 3.4  Verb mode for urls, etc.
)
CVPR 8.5 x 11-Inch Proceedings Style `cvpr.sty'.

(C:\Users\ASUS\AppData\Local\Programs\MiKTeX-v2\tex/latex/enumitem\enumitem.sty
Package: enumitem 2025/02/06 v3.11 Customized lists
\labelindent=\skip56
\enit@outerparindent=\dimen181
\enit@toks=\toks31
\enit@inbox=\box55
\enit@count@id=\count315
\enitdp@description=\count316
)) (preamble.tex
(C:\Users\ASUS\AppData\Local\Programs\MiKTeX-v2\tex/latex/multirow\multirow.sty
Package: multirow 2024/11/12 v2.9 Span multiple rows of a table
\multirow@colwidth=\skip57
\multirow@cntb=\count317
\multirow@dima=\skip58
\bigstrutjot=\dimen182
) (C:\Users\ASUS\AppData\Local\Programs\MiKTeX-v2\tex/latex/tools\array.sty
Package: array 2025/09/25 v2.6n Tabular extension package (FMi)
\col@sep=\dimen183
\ar@mcellbox=\box56
\extrarowheight=\dimen184
\NC@list=\toks32
\extratabsurround=\skip59
\backup@length=\skip60
\ar@cellbox=\box57
)
(C:\Users\ASUS\AppData\Local\Programs\MiKTeX-v2\tex/latex/tools\tabularx.sty
Package: tabularx 2023/12/11 v2.12a `tabularx' package (DPC)
\TX@col@width=\dimen185
\TX@old@table=\dimen186
\TX@old@col=\dimen187
\TX@target=\dimen188
\TX@delta=\dimen189
\TX@cols=\count318
\TX@ftn=\toks33
)
(C:\Users\ASUS\AppData\Local\Programs\MiKTeX-v2\tex/latex/makecell\makecell.sty
Package: makecell 2009/08/03 V0.1e Managing of Tab Column Heads and Cells
\rotheadsize=\dimen190
\c@nlinenum=\count319
\TeXr@lab=\toks34
) (C:\Users\ASUS\AppData\Local\Programs\MiKTeX-v2\tex/latex/float\float.sty
Package: float 2001/11/08 v1.3d Float enhancements (AL)
\c@float@type=\count320
\float@exts=\toks35
\float@box=\box58
\@float@everytoks=\toks36
\@floatcapt=\box59
)
(C:\Users\ASUS\AppData\Local\Programs\MiKTeX-v2\tex/latex/microtype\microtype.s
ty
Package: microtype 2026/03/01 v3.2d Micro-typographical refinements (RS)
\MT@toks=\toks37
\MT@tempbox=\box60
\MT@count=\count321
LaTeX Info: Redefining \noprotrusionifhmode on input line 1084.
LaTeX Info: Redefining \leftprotrusion on input line 1085.
\MT@prot@toks=\toks38
LaTeX Info: Redefining \rightprotrusion on input line 1104.
LaTeX Info: Redefining \textls on input line 1449.
\MT@outer@kern=\dimen191
LaTeX Info: Redefining \microtypecontext on input line 2053.
LaTeX Info: Redefining \textmicrotypecontext on input line 2070.
\MT@listname@count=\count322

(C:\Users\ASUS\AppData\Local\Programs\MiKTeX-v2\tex/latex/microtype\microtype-p
dftex.def
File: microtype-pdftex.def 2026/03/01 v3.2d Definitions specific to pdftex (RS)

LaTeX Info: Redefining \lsstyle on input line 944.
LaTeX Info: Redefining \lslig on input line 944.
\MT@outer@space=\skip61
)
Package microtype Info: Loading configuration file microtype.cfg.

(C:\Users\ASUS\AppData\Local\Programs\MiKTeX-v2\tex/latex/microtype\microtype.c
fg
File: microtype.cfg 2026/03/01 v3.2d microtype main configuration file (RS)
)
LaTeX Info: Redefining \microtypesetup on input line 3065.
)
(C:\Users\ASUS\AppData\Local\Programs\MiKTeX-v2\tex/latex/pgf/frontendlayer\tik
z.sty
(C:\Users\ASUS\AppData\Local\Programs\MiKTeX-v2\tex/latex/pgf/basiclayer\pgf.st
y
(C:\Users\ASUS\AppData\Local\Programs\MiKTeX-v2\tex/latex/pgf/utilities\pgfrcs.
sty
(C:\Users\ASUS\AppData\Local\Programs\MiKTeX-v2\tex/generic/pgf/utilities\pgfut
il-common.tex
\pgfutil@everybye=\toks39
\pgfutil@tempdima=\dimen192
\pgfutil@tempdimb=\dimen193
)
(C:\Users\ASUS\AppData\Local\Programs\MiKTeX-v2\tex/generic/pgf/utilities\pgfut
il-latex.def
\pgfutil@abb=\box61
)
(C:\Users\ASUS\AppData\Local\Programs\MiKTeX-v2\tex/generic/pgf/utilities\pgfrc
s.code.tex
(C:\Users\ASUS\AppData\Local\Programs\MiKTeX-v2\tex/generic/pgf\pgf.revision.te
x)
Package: pgfrcs 2025-08-29 v3.1.11a (3.1.11a)
))
Package: pgf 2025-08-29 v3.1.11a (3.1.11a)

(C:\Users\ASUS\AppData\Local\Programs\MiKTeX-v2\tex/latex/pgf/basiclayer\pgfcor
e.sty
(C:\Users\ASUS\AppData\Local\Programs\MiKTeX-v2\tex/latex/pgf/systemlayer\pgfsy
s.sty
(C:\Users\ASUS\AppData\Local\Programs\MiKTeX-v2\tex/generic/pgf/systemlayer\pgf
sys.code.tex
Package: pgfsys 2025-08-29 v3.1.11a (3.1.11a)

(C:\Users\ASUS\AppData\Local\Programs\MiKTeX-v2\tex/generic/pgf/utilities\pgfke
ys.code.tex
\pgfkeys@pathtoks=\toks40
\pgfkeys@temptoks=\toks41

(C:\Users\ASUS\AppData\Local\Programs\MiKTeX-v2\tex/generic/pgf/utilities\pgfke
yslibraryfiltered.code.tex
\pgfkeys@tmptoks=\toks42
))
\pgf@x=\dimen194
\pgf@y=\dimen195
\pgf@xa=\dimen196
\pgf@ya=\dimen197
\pgf@xb=\dimen198
\pgf@yb=\dimen199
\pgf@xc=\dimen256
\pgf@yc=\dimen257
\pgf@xd=\dimen258
\pgf@yd=\dimen259
\w@pgf@writea=\write3
\r@pgf@reada=\read2
\c@pgf@counta=\count323
\c@pgf@countb=\count324
\c@pgf@countc=\count325
\c@pgf@countd=\count326
\t@pgf@toka=\toks43
\t@pgf@tokb=\toks44
\t@pgf@tokc=\toks45
\pgf@sys@id@count=\count327

(C:\Users\ASUS\AppData\Local\Programs\MiKTeX-v2\tex/generic/pgf/systemlayer\pgf
.cfg
File: pgf.cfg 2025-08-29 v3.1.11a (3.1.11a)
)
Driver file for pgf: pgfsys-pdftex.def

(C:\Users\ASUS\AppData\Local\Programs\MiKTeX-v2\tex/generic/pgf/systemlayer\pgf
sys-pdftex.def
File: pgfsys-pdftex.def 2025-08-29 v3.1.11a (3.1.11a)

(C:\Users\ASUS\AppData\Local\Programs\MiKTeX-v2\tex/generic/pgf/systemlayer\pgf
sys-common-pdf.def
File: pgfsys-common-pdf.def 2025-08-29 v3.1.11a (3.1.11a)
)))
(C:\Users\ASUS\AppData\Local\Programs\MiKTeX-v2\tex/generic/pgf/systemlayer\pgf
syssoftpath.code.tex
File: pgfsyssoftpath.code.tex 2025-08-29 v3.1.11a (3.1.11a)
\pgfsyssoftpath@smallbuffer@items=\count328
\pgfsyssoftpath@bigbuffer@items=\count329
)
(C:\Users\ASUS\AppData\Local\Programs\MiKTeX-v2\tex/generic/pgf/systemlayer\pgf
sysprotocol.code.tex
File: pgfsysprotocol.code.tex 2025-08-29 v3.1.11a (3.1.11a)
))
(C:\Users\ASUS\AppData\Local\Programs\MiKTeX-v2\tex/generic/pgf/basiclayer\pgfc
ore.code.tex
Package: pgfcore 2025-08-29 v3.1.11a (3.1.11a)

(C:\Users\ASUS\AppData\Local\Programs\MiKTeX-v2\tex/generic/pgf/math\pgfmath.co
de.tex
(C:\Users\ASUS\AppData\Local\Programs\MiKTeX-v2\tex/generic/pgf/math\pgfmathuti
l.code.tex)
(C:\Users\ASUS\AppData\Local\Programs\MiKTeX-v2\tex/generic/pgf/math\pgfmathpar
ser.code.tex
\pgfmath@dimen=\dimen260
\pgfmath@count=\count330
\pgfmath@box=\box62
\pgfmath@toks=\toks46
\pgfmath@stack@operand=\toks47
\pgfmath@stack@operation=\toks48
)
(C:\Users\ASUS\AppData\Local\Programs\MiKTeX-v2\tex/generic/pgf/math\pgfmathfun
ctions.code.tex)
(C:\Users\ASUS\AppData\Local\Programs\MiKTeX-v2\tex/generic/pgf/math\pgfmathfun
ctions.basic.code.tex)
(C:\Users\ASUS\AppData\Local\Programs\MiKTeX-v2\tex/generic/pgf/math\pgfmathfun
ctions.trigonometric.code.tex)
(C:\Users\ASUS\AppData\Local\Programs\MiKTeX-v2\tex/generic/pgf/math\pgfmathfun
ctions.random.code.tex)
(C:\Users\ASUS\AppData\Local\Programs\MiKTeX-v2\tex/generic/pgf/math\pgfmathfun
ctions.comparison.code.tex)
(C:\Users\ASUS\AppData\Local\Programs\MiKTeX-v2\tex/generic/pgf/math\pgfmathfun
ctions.base.code.tex)
(C:\Users\ASUS\AppData\Local\Programs\MiKTeX-v2\tex/generic/pgf/math\pgfmathfun
ctions.round.code.tex)
(C:\Users\ASUS\AppData\Local\Programs\MiKTeX-v2\tex/generic/pgf/math\pgfmathfun
ctions.misc.code.tex)
(C:\Users\ASUS\AppData\Local\Programs\MiKTeX-v2\tex/generic/pgf/math\pgfmathfun
ctions.integerarithmetics.code.tex)
(C:\Users\ASUS\AppData\Local\Programs\MiKTeX-v2\tex/generic/pgf/math\pgfmathcal
c.code.tex)
(C:\Users\ASUS\AppData\Local\Programs\MiKTeX-v2\tex/generic/pgf/math\pgfmathflo
at.code.tex
\c@pgfmathroundto@lastzeros=\count331
))
(C:\Users\ASUS\AppData\Local\Programs\MiKTeX-v2\tex/generic/pgf/math\pgfint.cod
e.tex)
(C:\Users\ASUS\AppData\Local\Programs\MiKTeX-v2\tex/generic/pgf/basiclayer\pgfc
orepoints.code.tex
File: pgfcorepoints.code.tex 2025-08-29 v3.1.11a (3.1.11a)
\pgf@picminx=\dimen261
\pgf@picmaxx=\dimen262
\pgf@picminy=\dimen263
\pgf@picmaxy=\dimen264
\pgf@pathminx=\dimen265
\pgf@pathmaxx=\dimen266
\pgf@pathminy=\dimen267
\pgf@pathmaxy=\dimen268
\pgf@xx=\dimen269
\pgf@xy=\dimen270
\pgf@yx=\dimen271
\pgf@yy=\dimen272
\pgf@zx=\dimen273
\pgf@zy=\dimen274
)
(C:\Users\ASUS\AppData\Local\Programs\MiKTeX-v2\tex/generic/pgf/basiclayer\pgfc
orepathconstruct.code.tex
File: pgfcorepathconstruct.code.tex 2025-08-29 v3.1.11a (3.1.11a)
\pgf@path@lastx=\dimen275
\pgf@path@lasty=\dimen276
)
(C:\Users\ASUS\AppData\Local\Programs\MiKTeX-v2\tex/generic/pgf/basiclayer\pgfc
orepathusage.code.tex
File: pgfcorepathusage.code.tex 2025-08-29 v3.1.11a (3.1.11a)
\pgf@shorten@end@additional=\dimen277
\pgf@shorten@start@additional=\dimen278
)
(C:\Users\ASUS\AppData\Local\Programs\MiKTeX-v2\tex/generic/pgf/basiclayer\pgfc
orescopes.code.tex
File: pgfcorescopes.code.tex 2025-08-29 v3.1.11a (3.1.11a)
\pgfpic=\box63
\pgf@hbox=\box64
\pgf@layerbox@main=\box65
\pgf@picture@serial@count=\count332
)
(C:\Users\ASUS\AppData\Local\Programs\MiKTeX-v2\tex/generic/pgf/basiclayer\pgfc
oregraphicstate.code.tex
File: pgfcoregraphicstate.code.tex 2025-08-29 v3.1.11a (3.1.11a)
\pgflinewidth=\dimen279
)
(C:\Users\ASUS\AppData\Local\Programs\MiKTeX-v2\tex/generic/pgf/basiclayer\pgfc
oretransformations.code.tex
File: pgfcoretransformations.code.tex 2025-08-29 v3.1.11a (3.1.11a)
\pgf@pt@x=\dimen280
\pgf@pt@y=\dimen281
\pgf@pt@temp=\dimen282
)
(C:\Users\ASUS\AppData\Local\Programs\MiKTeX-v2\tex/generic/pgf/basiclayer\pgfc
orequick.code.tex
File: pgfcorequick.code.tex 2025-08-29 v3.1.11a (3.1.11a)
)
(C:\Users\ASUS\AppData\Local\Programs\MiKTeX-v2\tex/generic/pgf/basiclayer\pgfc
oreobjects.code.tex
File: pgfcoreobjects.code.tex 2025-08-29 v3.1.11a (3.1.11a)
)
(C:\Users\ASUS\AppData\Local\Programs\MiKTeX-v2\tex/generic/pgf/basiclayer\pgfc
orepathprocessing.code.tex
File: pgfcorepathprocessing.code.tex 2025-08-29 v3.1.11a (3.1.11a)
)
(C:\Users\ASUS\AppData\Local\Programs\MiKTeX-v2\tex/generic/pgf/basiclayer\pgfc
orearrows.code.tex
File: pgfcorearrows.code.tex 2025-08-29 v3.1.11a (3.1.11a)
\pgfarrowsep=\dimen283
)
(C:\Users\ASUS\AppData\Local\Programs\MiKTeX-v2\tex/generic/pgf/basiclayer\pgfc
oreshade.code.tex
File: pgfcoreshade.code.tex 2025-08-29 v3.1.11a (3.1.11a)
\pgf@max=\dimen284
\pgf@sys@shading@range@num=\count333
\pgf@shadingcount=\count334
)
(C:\Users\ASUS\AppData\Local\Programs\MiKTeX-v2\tex/generic/pgf/basiclayer\pgfc
oreimage.code.tex
File: pgfcoreimage.code.tex 2025-08-29 v3.1.11a (3.1.11a)
)
(C:\Users\ASUS\AppData\Local\Programs\MiKTeX-v2\tex/generic/pgf/basiclayer\pgfc
oreexternal.code.tex
File: pgfcoreexternal.code.tex 2025-08-29 v3.1.11a (3.1.11a)
\pgfexternal@startupbox=\box66
)
(C:\Users\ASUS\AppData\Local\Programs\MiKTeX-v2\tex/generic/pgf/basiclayer\pgfc
orelayers.code.tex
File: pgfcorelayers.code.tex 2025-08-29 v3.1.11a (3.1.11a)
)
(C:\Users\ASUS\AppData\Local\Programs\MiKTeX-v2\tex/generic/pgf/basiclayer\pgfc
oretransparency.code.tex
File: pgfcoretransparency.code.tex 2025-08-29 v3.1.11a (3.1.11a)
)
(C:\Users\ASUS\AppData\Local\Programs\MiKTeX-v2\tex/generic/pgf/basiclayer\pgfc
orepatterns.code.tex
File: pgfcorepatterns.code.tex 2025-08-29 v3.1.11a (3.1.11a)
)
(C:\Users\ASUS\AppData\Local\Programs\MiKTeX-v2\tex/generic/pgf/basiclayer\pgfc
orerdf.code.tex
File: pgfcorerdf.code.tex 2025-08-29 v3.1.11a (3.1.11a)
)))
(C:\Users\ASUS\AppData\Local\Programs\MiKTeX-v2\tex/generic/pgf/modules\pgfmodu
leshapes.code.tex
File: pgfmoduleshapes.code.tex 2025-08-29 v3.1.11a (3.1.11a)
\pgfnodeparttextbox=\box67
)
(C:\Users\ASUS\AppData\Local\Programs\MiKTeX-v2\tex/generic/pgf/modules\pgfmodu
leplot.code.tex
File: pgfmoduleplot.code.tex 2025-08-29 v3.1.11a (3.1.11a)
)
(C:\Users\ASUS\AppData\Local\Programs\MiKTeX-v2\tex/latex/pgf/compatibility\pgf
comp-version-0-65.sty
Package: pgfcomp-version-0-65 2025-08-29 v3.1.11a (3.1.11a)
\pgf@nodesepstart=\dimen285
\pgf@nodesepend=\dimen286
)
(C:\Users\ASUS\AppData\Local\Programs\MiKTeX-v2\tex/latex/pgf/compatibility\pgf
comp-version-1-18.sty
Package: pgfcomp-version-1-18 2025-08-29 v3.1.11a (3.1.11a)
))
(C:\Users\ASUS\AppData\Local\Programs\MiKTeX-v2\tex/latex/pgf/utilities\pgffor.
sty
(C:\Users\ASUS\AppData\Local\Programs\MiKTeX-v2\tex/latex/pgf/utilities\pgfkeys
.sty
(C:\Users\ASUS\AppData\Local\Programs\MiKTeX-v2\tex/generic/pgf/utilities\pgfke
ys.code.tex))
(C:\Users\ASUS\AppData\Local\Programs\MiKTeX-v2\tex/latex/pgf/math\pgfmath.sty
(C:\Users\ASUS\AppData\Local\Programs\MiKTeX-v2\tex/generic/pgf/math\pgfmath.co
de.tex))
(C:\Users\ASUS\AppData\Local\Programs\MiKTeX-v2\tex/generic/pgf/utilities\pgffo
r.code.tex
Package: pgffor 2025-08-29 v3.1.11a (3.1.11a)
\pgffor@iter=\dimen287
\pgffor@skip=\dimen288
\pgffor@stack=\toks49
\pgffor@toks=\toks50
))
(C:\Users\ASUS\AppData\Local\Programs\MiKTeX-v2\tex/generic/pgf/frontendlayer/t
ikz\tikz.code.tex
Package: tikz 2025-08-29 v3.1.11a (3.1.11a)

(C:\Users\ASUS\AppData\Local\Programs\MiKTeX-v2\tex/generic/pgf/libraries\pgfli
braryplothandlers.code.tex
File: pgflibraryplothandlers.code.tex 2025-08-29 v3.1.11a (3.1.11a)
\pgf@plot@mark@count=\count335
\pgfplotmarksize=\dimen289
)
\tikz@lastx=\dimen290
\tikz@lasty=\dimen291
\tikz@lastxsaved=\dimen292
\tikz@lastysaved=\dimen293
\tikz@lastmovetox=\dimen294
\tikz@lastmovetoy=\dimen295
\tikzleveldistance=\dimen296
\tikzsiblingdistance=\dimen297
\tikz@figbox=\box68
\tikz@figbox@bg=\box69
\tikz@tempbox=\box70
\tikz@tempbox@bg=\box71
\tikztreelevel=\count336
\tikznumberofchildren=\count337
\tikznumberofcurrentchild=\count338
\tikz@fig@count=\count339

(C:\Users\ASUS\AppData\Local\Programs\MiKTeX-v2\tex/generic/pgf/modules\pgfmodu
lematrix.code.tex
File: pgfmodulematrix.code.tex 2025-08-29 v3.1.11a (3.1.11a)
\pgfmatrixcurrentrow=\count340
\pgfmatrixcurrentcolumn=\count341
\pgf@matrix@numberofcolumns=\count342
)
\tikz@expandcount=\count343

(C:\Users\ASUS\AppData\Local\Programs\MiKTeX-v2\tex/generic/pgf/frontendlayer/t
ikz/libraries\tikzlibrarytopaths.code.tex
File: tikzlibrarytopaths.code.tex 2025-08-29 v3.1.11a (3.1.11a)
)))
(C:\Users\ASUS\AppData\Local\Programs\MiKTeX-v2\tex/generic/pgf/frontendlayer/t
ikz/libraries\tikzlibraryshapes.geometric.code.tex
File: tikzlibraryshapes.geometric.code.tex 2025-08-29 v3.1.11a (3.1.11a)

(C:\Users\ASUS\AppData\Local\Programs\MiKTeX-v2\tex/generic/pgf/libraries/shape
s\pgflibraryshapes.geometric.code.tex
File: pgflibraryshapes.geometric.code.tex 2025-08-29 v3.1.11a (3.1.11a)
))
(C:\Users\ASUS\AppData\Local\Programs\MiKTeX-v2\tex/generic/pgf/libraries\pgfli
braryarrows.meta.code.tex
File: pgflibraryarrows.meta.code.tex 2025-08-29 v3.1.11a (3.1.11a)
\pgfarrowinset=\dimen298
\pgfarrowlength=\dimen299
\pgfarrowwidth=\dimen300
\pgfarrowlinewidth=\dimen301
)
(C:\Users\ASUS\AppData\Local\Programs\MiKTeX-v2\tex/generic/pgf/frontendlayer/t
ikz/libraries\tikzlibrarypositioning.code.tex
File: tikzlibrarypositioning.code.tex 2025-08-29 v3.1.11a (3.1.11a)
)
(C:\Users\ASUS\AppData\Local\Programs\MiKTeX-v2\tex/generic/pgf/frontendlayer/t
ikz/libraries\tikzlibraryfit.code.tex
File: tikzlibraryfit.code.tex 2025-08-29 v3.1.11a (3.1.11a)
)
(C:\Users\ASUS\AppData\Local\Programs\MiKTeX-v2\tex/generic/pgf/frontendlayer/t
ikz/libraries\tikzlibrarycalc.code.tex
File: tikzlibrarycalc.code.tex 2025-08-29 v3.1.11a (3.1.11a)
))
(C:\Users\ASUS\AppData\Local\Programs\MiKTeX-v2\tex/latex/hyperref\hyperref.sty
Package: hyperref 2025-07-12 v7.01o Hypertext links for LaTeX
(C:\Users\ASUS\AppData\Local\Programs\MiKTeX-v2\tex/generic/iftex\iftex.sty
Package: iftex 2024/12/12 v1.0g TeX engine tests
)
(C:\Users\ASUS\AppData\Local\Programs\MiKTeX-v2\tex/latex/kvsetkeys\kvsetkeys.s
ty
Package: kvsetkeys 2022-10-05 v1.19 Key value parser (HO)
)
(C:\Users\ASUS\AppData\Local\Programs\MiKTeX-v2\tex/generic/kvdefinekeys\kvdefi
nekeys.sty
Package: kvdefinekeys 2019-12-19 v1.6 Define keys (HO)
)
(C:\Users\ASUS\AppData\Local\Programs\MiKTeX-v2\tex/generic/pdfescape\pdfescape
.sty
Package: pdfescape 2019/12/09 v1.15 Implements pdfTeX's escape features (HO)

(C:\Users\ASUS\AppData\Local\Programs\MiKTeX-v2\tex/generic/ltxcmds\ltxcmds.sty
Package: ltxcmds 2023-12-04 v1.26 LaTeX kernel commands for general use (HO)
)
(C:\Users\ASUS\AppData\Local\Programs\MiKTeX-v2\tex/generic/pdftexcmds\pdftexcm
ds.sty
Package: pdftexcmds 2020-06-27 v0.33 Utility functions of pdfTeX for LuaTeX (HO
)

(C:\Users\ASUS\AppData\Local\Programs\MiKTeX-v2\tex/generic/infwarerr\infwarerr
.sty
Package: infwarerr 2019/12/03 v1.5 Providing info/warning/error messages (HO)
)
Package pdftexcmds Info: \pdf@primitive is available.
Package pdftexcmds Info: \pdf@ifprimitive is available.
Package pdftexcmds Info: \pdfdraftmode found.
))
(C:\Users\ASUS\AppData\Local\Programs\MiKTeX-v2\tex/latex/hycolor\hycolor.sty
Package: hycolor 2020-01-27 v1.10 Color options for hyperref/bookmark (HO)
)
(C:\Users\ASUS\AppData\Local\Programs\MiKTeX-v2\tex/latex/hyperref\nameref.sty
Package: nameref 2025-06-21 v2.57 Cross-referencing by name of section

(C:\Users\ASUS\AppData\Local\Programs\MiKTeX-v2\tex/latex/refcount\refcount.sty
Package: refcount 2019/12/15 v3.6 Data extraction from label references (HO)
)
(C:\Users\ASUS\AppData\Local\Programs\MiKTeX-v2\tex/generic/gettitlestring\gett
itlestring.sty
Package: gettitlestring 2019/12/15 v1.6 Cleanup title references (HO)

(C:\Users\ASUS\AppData\Local\Programs\MiKTeX-v2\tex/latex/kvoptions\kvoptions.s
ty
Package: kvoptions 2022-06-15 v3.15 Key value format for package options (HO)
))
\c@section@level=\count344
)
(C:\Users\ASUS\AppData\Local\Programs\MiKTeX-v2\tex/generic/stringenc\stringenc
.sty
Package: stringenc 2019/11/29 v1.12 Convert strings between diff. encodings (HO
)
)
\@linkdim=\dimen302
\Hy@linkcounter=\count345
\Hy@pagecounter=\count346

(C:\Users\ASUS\AppData\Local\Programs\MiKTeX-v2\tex/latex/hyperref\pd1enc.def
File: pd1enc.def 2025-07-12 v7.01o Hyperref: PDFDocEncoding definition (HO)
Now handling font encoding PD1 ...
... no UTF-8 mapping file for font encoding PD1
)
(C:\Users\ASUS\AppData\Local\Programs\MiKTeX-v2\tex/generic/intcalc\intcalc.sty
Package: intcalc 2019/12/15 v1.3 Expandable calculations with integers (HO)
)
\Hy@SavedSpaceFactor=\count347
 (C:\Users\ASUS\AppData\Local\Programs\MiKTeX-v2\tex/latex/hyperref\puenc.def
File: puenc.def 2025-07-12 v7.01o Hyperref: PDF Unicode definition (HO)
Now handling font encoding PU ...
... no UTF-8 mapping file for font encoding PU
)
Package hyperref Info: Option `breaklinks' set `true' on input line 4066.
Package hyperref Info: Option `colorlinks' set `true' on input line 4066.
Package hyperref Info: Hyper figures OFF on input line 4195.
Package hyperref Info: Link nesting OFF on input line 4200.
Package hyperref Info: Hyper index ON on input line 4203.
Package hyperref Info: Plain pages OFF on input line 4210.
Package hyperref Info: Backreferencing ON on input line 4213.
Package hyperref Info: Implicit mode ON; LaTeX internals redefined.
Package hyperref Info: Bookmarks ON on input line 4462.
(C:\Users\ASUS\AppData\Local\Programs\MiKTeX-v2\tex/latex/hyperref\backref.sty
Package: backref 2025-06-21 v1.45 Bibliographical back referencing

(C:\Users\ASUS\AppData\Local\Programs\MiKTeX-v2\tex/latex/rerunfilecheck\rerunf
ilecheck.sty
Package: rerunfilecheck 2025-06-21 v1.11 Rerun checks for auxiliary files (HO)

(C:\Users\ASUS\AppData\Local\Programs\MiKTeX-v2\tex/generic/uniquecounter\uniqu
ecounter.sty
Package: uniquecounter 2019/12/15 v1.4 Provide unlimited unique counter (HO)

(C:\Users\ASUS\AppData\Local\Programs\MiKTeX-v2\tex/generic/bigintcalc\bigintca
lc.sty
Package: bigintcalc 2019/12/15 v1.5 Expandable calculations on big integers (HO
)
))
Package uniquecounter Info: New unique counter `rerunfilecheck' on input line 2
84.
))
\c@Hy@tempcnt=\count348
LaTeX Info: Redefining \url on input line 4801.
\XeTeXLinkMargin=\dimen303

(C:\Users\ASUS\AppData\Local\Programs\MiKTeX-v2\tex/generic/bitset\bitset.sty
Package: bitset 2019/12/09 v1.3 Handle bit-vector datatype (HO)
)
\Fld@menulength=\count349
\Field@Width=\dimen304
\Fld@charsize=\dimen305
Package hyperref Info: Hyper figures OFF on input line 6078.
Package hyperref Info: Link nesting OFF on input line 6083.
Package hyperref Info: Hyper index ON on input line 6086.
Package hyperref Info: backreferencing ON on input line 6091.
Package hyperref Info: Link coloring ON on input line 6096.
Package hyperref Info: Link coloring with OCG OFF on input line 6103.
Package hyperref Info: PDF/A mode OFF on input line 6108.
\Hy@abspage=\count350
\c@Item=\count351
\c@Hfootnote=\count352
)
Package hyperref Info: Driver (autodetected): hpdftex.
(C:\Users\ASUS\AppData\Local\Programs\MiKTeX-v2\tex/latex/hyperref\hpdftex.def
File: hpdftex.def 2025-07-12 v7.01o Hyperref driver for pdfTeX
\Fld@listcount=\count353
\c@bookmark@seq@number=\count354
\Hy@SectionHShift=\skip62
)
(C:\Users\ASUS\AppData\Local\Programs\MiKTeX-v2\tex/latex/cleveref\cleveref.sty
Package: cleveref 2018/03/27 v0.21.4 Intelligent cross-referencing
Package cleveref Info: `hyperref' support loaded on input line 2370.
LaTeX Info: Redefining \cref on input line 2370.
LaTeX Info: Redefining \Cref on input line 2370.
LaTeX Info: Redefining \crefrange on input line 2370.
LaTeX Info: Redefining \Crefrange on input line 2370.
LaTeX Info: Redefining \cpageref on input line 2370.
LaTeX Info: Redefining \Cpageref on input line 2370.
LaTeX Info: Redefining \cpagerefrange on input line 2370.
LaTeX Info: Redefining \Cpagerefrange on input line 2370.
LaTeX Info: Redefining \labelcref on input line 2370.
LaTeX Info: Redefining \labelcpageref on input line 2370.
Package cleveref Info: always capitalise cross-reference names on input line 78
30.
Package cleveref Info: always capitalise cross-reference names on input line 78
52.
)
==> First Aid for cleveref.sty applied!
LaTeX Font Info:    Trying to load font information for OT1+ptm on input line 3
2.
(C:\Users\ASUS\AppData\Local\Programs\MiKTeX-v2\tex/latex/psnfss\ot1ptm.fd
File: ot1ptm.fd 2001/06/04 font definitions for OT1/ptm.
)
(C:\Users\ASUS\AppData\Local\Programs\MiKTeX-v2\tex/latex/l3backend\l3backend-p
dftex.def
File: l3backend-pdftex.def 2025-10-09 L3 backend support: PDF output (pdfTeX)
\l__color_backend_stack_int=\count355
) (main.aux)
\openout1 = `main.aux'.

LaTeX Font Info:    Checking defaults for OML/cmm/m/it on input line 32.
LaTeX Font Info:    ... okay on input line 32.
LaTeX Font Info:    Checking defaults for OMS/cmsy/m/n on input line 32.
LaTeX Font Info:    ... okay on input line 32.
LaTeX Font Info:    Checking defaults for OT1/cmr/m/n on input line 32.
LaTeX Font Info:    ... okay on input line 32.
LaTeX Font Info:    Checking defaults for T1/cmr/m/n on input line 32.
LaTeX Font Info:    ... okay on input line 32.
LaTeX Font Info:    Checking defaults for TS1/cmr/m/n on input line 32.
LaTeX Font Info:    ... okay on input line 32.
LaTeX Font Info:    Checking defaults for OMX/cmex/m/n on input line 32.
LaTeX Font Info:    ... okay on input line 32.
LaTeX Font Info:    Checking defaults for U/cmr/m/n on input line 32.
LaTeX Font Info:    ... okay on input line 32.
LaTeX Font Info:    Checking defaults for PD1/pdf/m/n on input line 32.
LaTeX Font Info:    ... okay on input line 32.
LaTeX Font Info:    Checking defaults for PU/pdf/m/n on input line 32.
LaTeX Font Info:    ... okay on input line 32.

(C:\Users\ASUS\AppData\Local\Programs\MiKTeX-v2\tex/context/base/mkii\supp-pdf.
mkii
[Loading MPS to PDF converter (version 2006.09.02).]
\scratchcounter=\count356
\scratchdimen=\dimen306
\scratchbox=\box72
\nofMPsegments=\count357
\nofMParguments=\count358
\everyMPshowfont=\toks51
\MPscratchCnt=\count359
\MPscratchDim=\dimen307
\MPnumerator=\count360
\makeMPintoPDFobject=\count361
\everyMPtoPDFconversion=\toks52
)
(C:\Users\ASUS\AppData\Local\Programs\MiKTeX-v2\tex/latex/epstopdf-pkg\epstopdf
-base.sty
Package: epstopdf-base 2020-01-24 v2.11 Base part for package epstopdf

(C:\Users\ASUS\AppData\Local\Programs\MiKTeX-v2\tex/latex/grfext\grfext.sty
Package: grfext 2019/12/03 v1.3 Manage graphics extensions (HO)
)
Package epstopdf-base Info: Redefining graphics rule for `.eps' on input line 4
85.
Package grfext Info: Graphics extension search list:
(grfext)             [.pdf,.png,.jpg,.mps,.jpeg,.jbig2,.jb2,.PDF,.PNG,.JPG,.JPE
G,.JBIG2,.JB2,.eps]
(grfext)             \AppendGraphicsExtensions on input line 504.

(C:\Users\ASUS\AppData\Local\Programs\MiKTeX-v2\tex/latex/00miktex\epstopdf-sys
.cfg
File: epstopdf-sys.cfg 2021/03/18 v2.0 Configuration of epstopdf for MiKTeX
))
Package caption Info: Begin \AtBeginDocument code.
Package caption Info: float package is loaded.
Package caption Info: hyperref package is loaded.
Package caption Info: End \AtBeginDocument code.
 ABD: EveryShipout initializing macros
LaTeX Info: Redefining \microtypecontext on input line 32.
Package microtype Info: Applying patch `item' on input line 32.
Package microtype Info: Applying patch `toc' on input line 32.
Package microtype Info: Applying patch `eqnum' on input line 32.
Package microtype Info: Applying patch `footnote' on input line 32.
Package microtype Info: Applying patch `verbatim' on input line 32.
LaTeX Info: Redefining \microtypesetup on input line 32.
Package microtype Info: Generating PDF output.
Package microtype Info: Character protrusion enabled (level 2).
Package microtype Info: Using default protrusion set `alltext'.
Package microtype Info: Automatic font expansion enabled (level 2),
(microtype)             stretch: 20, shrink: 20, step: 1, non-selected.
Package microtype Info: Using default expansion set `alltext-nott'.
Package microtype Info: Patching command `\showhyphens'.
Package microtype Info: No adjustment of tracking.
Package microtype Info: No adjustment of interword spacing.
Package microtype Info: No adjustment of character kerning.

(C:\Users\ASUS\AppData\Local\Programs\MiKTeX-v2\tex/latex/microtype\mt-ptm.cfg
File: mt-ptm.cfg 2006/04/20 v1.7 microtype config. file: Times (RS)
)
Package backref Info: ** backref set up for natbib ** on input line 32.
Package hyperref Info: Link coloring ON on input line 32.
(main.out) (main.out)
\@outlinefile=\write4
\openout4 = `main.out'.

 (sec/0_coverpage.tex
<figures/ait_logo.png, id=166, 115.18031pt x 109.1578pt>
File: figures/ait_logo.png Graphic file (type png)
<use figures/ait_logo.png>
Package pdftex.def Info: figures/ait_logo.png  used on input line 12.
(pdftex.def)             Requested size: 85.35826pt x 80.89375pt.
 [1


{C:/Users/ASUS/AppData/Local/MiKTeX/fonts/map/pdftex/pdftex.map}{C:/Users/ASUS/
AppData/Local/Programs/MiKTeX-v2/fonts/enc/dvips/base/8r.enc} <./figures/ait_lo
go.png>])
(C:\Users\ASUS\AppData\Local\Programs\MiKTeX-v2\tex/latex/microtype\mt-cmr.cfg
File: mt-cmr.cfg 2013/05/19 v2.2 microtype config. file: Computer Modern Roman 
(RS)
)
LaTeX Font Info:    Trying to load font information for U+msa on input line 39.

(C:\Users\ASUS\AppData\Local\Programs\MiKTeX-v2\tex/latex/amsfonts\umsa.fd
File: umsa.fd 2013/01/14 v3.01 AMS symbols A
)
(C:\Users\ASUS\AppData\Local\Programs\MiKTeX-v2\tex/latex/microtype\mt-msa.cfg
File: mt-msa.cfg 2006/02/04 v1.1 microtype config. file: AMS symbols (a) (RS)
)
LaTeX Font Info:    Trying to load font information for U+msb on input line 39.

(C:\Users\ASUS\AppData\Local\Programs\MiKTeX-v2\tex/latex/amsfonts\umsb.fd
File: umsb.fd 2013/01/14 v3.01 AMS symbols B
)
(C:\Users\ASUS\AppData\Local\Programs\MiKTeX-v2\tex/latex/microtype\mt-msb.cfg
File: mt-msb.cfg 2005/06/01 v1.0 microtype config. file: AMS symbols (b) (RS)
)
LaTeX Font Info:    Trying to load font information for OT1+pcr on input line 3
9.
(C:\Users\ASUS\AppData\Local\Programs\MiKTeX-v2\tex/latex/psnfss\ot1pcr.fd
File: ot1pcr.fd 2001/06/04 font definitions for OT1/pcr.
)
(sec/1_abstract.tex) (sec/2_introduction.tex [1



]) (sec/3_literature_review.tex) (sec/4_methodology.tex [2]
<figures/class_distribution.png, id=263, 571.1739pt x 353.1594pt>
File: figures/class_distribution.png Graphic file (type png)
<use figures/class_distribution.png>
Package pdftex.def Info: figures/class_distribution.png  used on input line 59.

(pdftex.def)             Requested size: 237.13594pt x 146.61768pt.
 [3 <./figures/class_distribution.png>]
<figures/text_length_wordcount_1.png, id=279, 222.8325pt x 149.05687pt>
File: figures/text_length_wordcount_1.png Graphic file (type png)
<use figures/text_length_wordcount_1.png>
Package pdftex.def Info: figures/text_length_wordcount_1.png  used on input lin
e 93.
(pdftex.def)             Requested size: 238.48886pt x 159.53021pt.
<figures/text_length_wordcount_2.png, id=280, 211.54031pt x 151.3153pt>
File: figures/text_length_wordcount_2.png Graphic file (type png)
<use figures/text_length_wordcount_2.png>
Package pdftex.def Info: figures/text_length_wordcount_2.png  used on input lin
e 99.
(pdftex.def)             Requested size: 238.48886pt x 170.59639pt.
LaTeX Font Info:    Trying to load font information for OMS+pcr on input line 1
13.

(C:\Users\ASUS\AppData\Local\Programs\MiKTeX-v2\tex/latex/psnfss\omspcr.fd
File: omspcr.fd 
)
LaTeX Font Info:    Font shape `OMS/pcr/m/n' in size <10> not available
(Font)              Font shape `OMS/cmsy/m/n' tried instead on input line 113.
<figures/process_flow.png, id=283, 363.60844pt x 482.55281pt>
File: figures/process_flow.png Graphic file (type png)
<use figures/process_flow.png>
Package pdftex.def Info: figures/process_flow.png  used on input line 136.
(pdftex.def)             Requested size: 237.13594pt x 314.7159pt.
LaTeX Font Info:    Trying to load font information for OT1+phv on input line 1
64.

(C:\Users\ASUS\AppData\Local\Programs\MiKTeX-v2\tex/latex/psnfss\ot1phv.fd
File: ot1phv.fd 2020/03/25 scalable font definitions for OT1/phv.
)
Package microtype Info: Loading generic protrusion settings for font family
(microtype)             `phv' (encoding: OT1).
(microtype)             For optimal results, create family-specific settings.
(microtype)             See the microtype manual for details.
)
(sec/5_algorithms.tex [4] [5 <./figures/text_length_wordcount_1.png> <./figures
/text_length_wordcount_2.png> <./figures/process_flow.png>]
<figures/deployed_app.png, id=317, 803.0pt x 401.5pt>
File: figures/deployed_app.png Graphic file (type png)
<use figures/deployed_app.png>
Package pdftex.def Info: figures/deployed_app.png  used on input line 44.
(pdftex.def)             Requested size: 218.16463pt x 109.08034pt.
)
(sec/6_preliminary_results.tex
LaTeX Font Info:    Trying to load font information for OMS+ptm on input line 3
3.

(C:\Users\ASUS\AppData\Local\Programs\MiKTeX-v2\tex/latex/psnfss\omsptm.fd
File: omsptm.fd 
)
LaTeX Font Info:    Font shape `OMS/ptm/m/n' in size <10> not available
(Font)              Font shape `OMS/cmsy/m/n' tried instead on input line 33.

[6 <./figures/deployed_app.png (PNG copy)>]
<figures/bilstm_confusion_matrix.png, id=336, 421.575pt x 338.7054pt>
File: figures/bilstm_confusion_matrix.png Graphic file (type png)
<use figures/bilstm_confusion_matrix.png>
Package pdftex.def Info: figures/bilstm_confusion_matrix.png  used on input lin
e 56.
(pdftex.def)             Requested size: 238.48886pt x 191.61182pt.
<figures/cnn_confusion_matrix.png, id=337, 421.575pt x 338.7054pt>
File: figures/cnn_confusion_matrix.png Graphic file (type png)
<use figures/cnn_confusion_matrix.png>
Package pdftex.def Info: figures/cnn_confusion_matrix.png  used on input line 6
2.
(pdftex.def)             Requested size: 238.48886pt x 191.61182pt.
<figures/svm_confusion_matrix.png, id=338, 421.575pt x 338.7054pt>
File: figures/svm_confusion_matrix.png Graphic file (type png)
<use figures/svm_confusion_matrix.png>
Package pdftex.def Info: figures/svm_confusion_matrix.png  used on input line 6
8.
(pdftex.def)             Requested size: 238.48886pt x 191.61182pt.
<figures/xgboost_confusion_matrix.png, id=339, 421.575pt x 338.7054pt>
File: figures/xgboost_confusion_matrix.png Graphic file (type png)
<use figures/xgboost_confusion_matrix.png>
Package pdftex.def Info: figures/xgboost_confusion_matrix.png  used on input li
ne 74.
(pdftex.def)             Requested size: 238.48886pt x 191.61182pt.
<figures/bilstm_training_curves.png, id=342, 860.013pt x 280.8894pt>
File: figures/bilstm_training_curves.png Graphic file (type png)
<use figures/bilstm_training_curves.png>
Package pdftex.def Info: figures/bilstm_training_curves.png  used on input line
 88.
(pdftex.def)             Requested size: 238.48886pt x 77.88986pt.
<figures/cnn_training_curves.png, id=343, 860.013pt x 280.8894pt>
File: figures/cnn_training_curves.png Graphic file (type png)
<use figures/cnn_training_curves.png>
Package pdftex.def Info: figures/cnn_training_curves.png  used on input line 94
.
(pdftex.def)             Requested size: 238.48886pt x 77.88986pt.
<figures/wordcloud_anger.png, id=349, 570.933pt x 307.8702pt>
File: figures/wordcloud_anger.png Graphic file (type png)
<use figures/wordcloud_anger.png>
Package pdftex.def Info: figures/wordcloud_anger.png  used on input line 171.
(pdftex.def)             Requested size: 158.99763pt x 85.73798pt.
<figures/wordcloud_fear.png, id=350, 570.933pt x 307.8702pt>
File: figures/wordcloud_fear.png Graphic file (type png)
<use figures/wordcloud_fear.png>
Package pdftex.def Info: figures/wordcloud_fear.png  used on input line 176.
(pdftex.def)             Requested size: 158.99763pt x 85.73798pt.
<figures/wordcloud_joy.png, id=351, 570.933pt x 307.8702pt>
File: figures/wordcloud_joy.png Graphic file (type png)
<use figures/wordcloud_joy.png>
Package pdftex.def Info: figures/wordcloud_joy.png  used on input line 181.
(pdftex.def)             Requested size: 158.99763pt x 85.73798pt.
<figures/wordcloud_love.png, id=352, 570.933pt x 307.8702pt>
File: figures/wordcloud_love.png Graphic file (type png)
<use figures/wordcloud_love.png>
Package pdftex.def Info: figures/wordcloud_love.png  used on input line 186.
(pdftex.def)             Requested size: 158.99763pt x 85.73798pt.
<figures/wordcloud_sadness.png, id=353, 570.933pt x 307.8702pt>
File: figures/wordcloud_sadness.png Graphic file (type png)
<use figures/wordcloud_sadness.png>
Package pdftex.def Info: figures/wordcloud_sadness.png  used on input line 191.

(pdftex.def)             Requested size: 158.99763pt x 85.73798pt.
<figures/wordcloud_surprise.png, id=354, 570.933pt x 307.8702pt>
File: figures/wordcloud_surprise.png Graphic file (type png)
<use figures/wordcloud_surprise.png>
Package pdftex.def Info: figures/wordcloud_surprise.png  used on input line 196
.
(pdftex.def)             Requested size: 158.99763pt x 85.73798pt.
 [7] [8 <./figures/bilstm_confusion_matrix.png> <./figures/cnn_confusion_matrix
.png> <./figures/svm_confusion_matrix.png> <./figures/xgboost_confusion_matrix.
png> <./figures/bilstm_training_curves.png> <./figures/cnn_training_curves.png>
]) (sec/7_contribution.tex)
(sec/8_conclusion.tex [9 <./figures/wordcloud_anger.png> <./figures/wordcloud_f
ear.png> <./figures/wordcloud_joy.png> <./figures/wordcloud_love.png> <./figure
s/wordcloud_sadness.png> <./figures/wordcloud_surprise.png>]) (main.bbl
(main.brf)
\tf@brf=\write5
\openout5 = `main.brf'.

) [10] (main.aux)
 ***********
LaTeX2e <2025-11-01>
L3 programming layer <2025-12-24>
 ***********
Package rerunfilecheck Info: File `main.out' has not changed.
(rerunfilecheck)             Checksum: 58C036D49C87F614F0D57AE13BC5483E;7172.
Package rerunfilecheck Info: File `main.brf' has not changed.
(rerunfilecheck)             Checksum: 4E489BE6F4BF3C61B4838C1DE0344979;1846.
 ) 
Here is how much of TeX's memory you used:
 29182 strings out of 467871
 553474 string characters out of 5417417
 1013462 words of memory out of 5000000
 57083 multiletter control sequences out of 15000+600000
 680818 words of font info for 348 fonts, out of 8000000 for 9000
 1141 hyphenation exceptions out of 8191
 90i,11n,98p,1762b,917s stack positions out of 10000i,1000n,20000p,200000b,200000s
<C:/Users/ASUS/AppData/Local/Programs/MiKTeX-v2/fonts/type1/public/amsfonts/c
m/cmex10.pfb><C:/Users/ASUS/AppData/Local/Programs/MiKTeX-v2/fonts/type1/public
/amsfonts/cm/cmmi10.pfb><C:/Users/ASUS/AppData/Local/Programs/MiKTeX-v2/fonts/t
ype1/public/amsfonts/cm/cmmi7.pfb><C:/Users/ASUS/AppData/Local/Programs/MiKTeX-
v2/fonts/type1/public/amsfonts/cm/cmmi9.pfb><C:/Users/ASUS/AppData/Local/Progra
ms/MiKTeX-v2/fonts/type1/public/amsfonts/cm/cmr10.pfb><C:/Users/ASUS/AppData/Lo
cal/Programs/MiKTeX-v2/fonts/type1/public/amsfonts/cm/cmr7.pfb><C:/Users/ASUS/A
ppData/Local/Programs/MiKTeX-v2/fonts/type1/public/amsfonts/cm/cmsy10.pfb><C:/U
sers/ASUS/AppData/Local/Programs/MiKTeX-v2/fonts/type1/public/amsfonts/cm/cmsy5
.pfb><C:/Users/ASUS/AppData/Local/Programs/MiKTeX-v2/fonts/type1/public/amsfont
s/cm/cmsy7.pfb><C:/Users/ASUS/AppData/Local/Programs/MiKTeX-v2/fonts/type1/publ
ic/amsfonts/cm/cmsy8.pfb><C:/Users/ASUS/AppData/Local/Programs/MiKTeX-v2/fonts/
type1/public/amsfonts/cm/cmsy9.pfb><C:/Users/ASUS/AppData/Local/Programs/MiKTeX
-v2/fonts/type1/public/amsfonts/symbols/msam10.pfb><C:/Users/ASUS/AppData/Local
/Programs/MiKTeX-v2/fonts/type1/urw/courier/ucrr8a.pfb><C:/Users/ASUS/AppData/L
ocal/Programs/MiKTeX-v2/fonts/type1/urw/helvetic/uhvb8a.pfb><C:/Users/ASUS/AppD
ata/Local/Programs/MiKTeX-v2/fonts/type1/urw/helvetic/uhvr8a.pfb><C:/Users/ASUS
/AppData/Local/Programs/MiKTeX-v2/fonts/type1/urw/times/utmb8a.pfb><C:/Users/AS
US/AppData/Local/Programs/MiKTeX-v2/fonts/type1/urw/times/utmr8a.pfb><C:/Users/
ASUS/AppData/Local/Programs/MiKTeX-v2/fonts/type1/urw/times/utmri8a.pfb>
Output written on main.pdf (11 pages, 13800985 bytes).
PDF statistics:
 529 PDF objects out of 1000 (max. 8388607)
 105 named destinations out of 1000 (max. 500000)
 73127 words of extra memory for PDF output out of 74296 (max. 10000000)

